<?xml version="1.0" encoding="UTF-8"?>
<!-- Generated by org.testng.reporters.JUnitReportReporter -->
<testsuite hostname="DESKTOP-P67A78S" failures="0" tests="1" name="com.project.MavenExample" time="9.443" errors="0" timestamp="12 May 2018 18:32:17 GMT" skipped="0">
  <testcase classname="com.project.MavenExample" name="mavenTest" time="9.443"/>
</testsuite> <!-- com.project.MavenExample -->
